<?xml version="1.0" encoding="UTF-8"?>
<testng-results skipped="0" failed="0" ignored="0" total="1" passed="1">
  <reporter-output>
    <line>
      <![CDATA[prop file load successfully]]>
    </line>
    <line>
      <![CDATA[Title of the application : SailPoint IdentityIQ]]>
    </line>
  </reporter-output>
  <suite name="Default suite" duration-ms="15428" started-at="2018-10-20T10:35:45Z" finished-at="2018-10-20T10:36:00Z">
    <groups>
    </groups>
    <test name="Default test" duration-ms="15428" started-at="2018-10-20T10:35:45Z" finished-at="2018-10-20T10:36:00Z">
      <class name="com.sailpoint.execution.ManageUserAccessExecution">
        <test-method status="PASS" signature="lunchURL()[pri:0, instance:com.sailpoint.execution.ManageUserAccessExecution@743cb8e0]" name="lunchURL" is-config="true" duration-ms="7153" started-at="2018-10-20T10:35:37Z" finished-at="2018-10-20T10:35:45Z">
          <reporter-output>
            <line>
              <![CDATA[prop file load successfully]]>
            </line>
            <line>
              <![CDATA[Title of the application : SailPoint IdentityIQ]]>
            </line>
          </reporter-output>
        </test-method> <!-- lunchURL -->
        <test-method status="PASS" signature="manageUserAccessTest()[pri:0, instance:com.sailpoint.execution.ManageUserAccessExecution@743cb8e0]" name="manageUserAccessTest" duration-ms="15012" started-at="2018-10-20T10:35:45Z" finished-at="2018-10-20T10:36:00Z">
          <reporter-output>
          </reporter-output>
        </test-method> <!-- manageUserAccessTest -->
      </class> <!-- com.sailpoint.execution.ManageUserAccessExecution -->
    </test> <!-- Default test -->
  </suite> <!-- Default suite -->
</testng-results>
