<?xml version="1.0" encoding="UTF-8"?>
<testng-results skipped="0" failed="0" ignored="0" total="1" passed="1">
  <reporter-output>
    <line>
      <![CDATA[prop file load successfully]]>
    </line>
    <line>
      <![CDATA[Title of the application : SailPoint IdentityIQ]]>
    </line>
  </reporter-output>
  <suite name="Suite" duration-ms="5426" started-at="2018-10-18T10:04:52Z" finished-at="2018-10-18T10:04:58Z">
    <groups>
    </groups>
    <test name="Test" duration-ms="5426" started-at="2018-10-18T10:04:52Z" finished-at="2018-10-18T10:04:58Z">
      <class name="com.sailpoint.execution.LoginTest">
        <test-method status="PASS" signature="lunchURL()[pri:0, instance:com.sailpoint.execution.LoginTest@135606db]" name="lunchURL" is-config="true" duration-ms="6300" started-at="2018-10-18T10:04:46Z" finished-at="2018-10-18T10:04:52Z">
          <reporter-output>
            <line>
              <![CDATA[prop file load successfully]]>
            </line>
            <line>
              <![CDATA[Title of the application : SailPoint IdentityIQ]]>
            </line>
          </reporter-output>
        </test-method> <!-- lunchURL -->
        <test-method status="PASS" signature="sailPointLoginTest()[pri:0, instance:com.sailpoint.execution.LoginTest@135606db]" name="sailPointLoginTest" duration-ms="5234" started-at="2018-10-18T10:04:52Z" finished-at="2018-10-18T10:04:58Z">
          <reporter-output>
          </reporter-output>
        </test-method> <!-- sailPointLoginTest -->
      </class> <!-- com.sailpoint.execution.LoginTest -->
    </test> <!-- Test -->
  </suite> <!-- Suite -->
</testng-results>
